<?xml version="1.0" encoding="UTF-8"?>
<testsuite xmlns:xsi="http://www.w3.org/2001/XMLSchema-instance" xsi:noNamespaceSchemaLocation="https://maven.apache.org/surefire/maven-surefire-plugin/xsd/surefire-test-report.xsd" name="com.homework.AppTest" time="0.031" tests="18" errors="0" skipped="0" failures="0">
  <properties>
[...]
</properties>
  <testcase name="shouldAnswerWithTrue" classname="com.homework.AppTest" time="0.002"/>
  <testcase name="test10" classname="com.homework.AppTest" time="0"/>
  <testcase name="test11" classname="com.homework.AppTest" time="0"/>
  <testcase name="test12" classname="com.homework.AppTest" time="0"/>
  <testcase name="test13" classname="com.homework.AppTest" time="0"/>
  <testcase name="test14" classname="com.homework.AppTest" time="0"/>
  <testcase name="test15" classname="com.homework.AppTest" time="0"/>
  <testcase name="test16" classname="com.homework.AppTest" time="0"/>
  <testcase name="test17" classname="com.homework.AppTest" time="0.001"/>
  <testcase name="test1" classname="com.homework.AppTest" time="0"/>
  <testcase name="test2" classname="com.homework.AppTest" time="0"/>
  <testcase name="test3" classname="com.homework.AppTest" time="0"/>
  <testcase name="test4" classname="com.homework.AppTest" time="0"/>
  <testcase name="test5" classname="com.homework.AppTest" time="0"/>
  <testcase name="test6" classname="com.homework.AppTest" time="0"/>
  <testcase name="test7" classname="com.homework.AppTest" time="0.001"/>
  <testcase name="test8" classname="com.homework.AppTest" time="0"/>
  <testcase name="test9" classname="com.homework.AppTest" time="0"/>
</testsuite>